[debug] [2021-05-25T10:33:02.924Z] ----------------------------------------------------------------------
[debug] [2021-05-25T10:33:02.929Z] Command:       C:\Program Files\nodejs\node.exe C:\Users\ugurc\AppData\Roaming\npm\node_modules\firebase-tools\lib\bin\firebase.js emulators:start
[debug] [2021-05-25T10:33:02.929Z] CLI Version:   9.11.0
[debug] [2021-05-25T10:33:02.930Z] Platform:      win32
[debug] [2021-05-25T10:33:02.930Z] Node Version:  v14.16.0
[debug] [2021-05-25T10:33:02.932Z] Time:          Tue May 25 2021 13:33:02 GMT+0300 (GMT+03:00)
[debug] [2021-05-25T10:33:02.932Z] ----------------------------------------------------------------------
[debug] 
[debug] [2021-05-25T10:33:02.948Z] > command requires scopes: ["email","openid","https://www.googleapis.com/auth/cloudplatformprojects.readonly","https://www.googleapis.com/auth/firebase","https://www.googleapis.com/auth/cloud-platform"]
[debug] [2021-05-25T10:33:02.948Z] > authorizing via signed-in user (ugurcan.uut82@gmail.com)
[info] i  emulators: Starting emulators: functions {"metadata":{"emulator":{"name":"hub"},"message":"Starting emulators: functions"}}
[debug] [2021-05-25T10:33:03.080Z] [hub] writing locator at C:\Users\ugurc\AppData\Local\Temp\hub-e-commerce-c8ec0.json
[warn] !  functions: The following emulators are not running, calls to these services from the Functions emulator will affect production: auth, firestore, database, hosting, pubsub, storage {"metadata":{"emulator":{"name":"functions"},"message":"The following emulators are not running, calls to these services from the Functions emulator will affect production: \u001b[1mauth, firestore, database, hosting, pubsub, storage\u001b[22m"}}
[warn] !  Your requested "node" version "12" doesn't match your global version "14" {"metadata":{"emulator":{"name":"functions"},"message":"Your requested \"node\" version \"12\" doesn't match your global version \"14\""}}
[debug] [2021-05-25T10:33:03.225Z] defaultcredentials: writing to file C:\Users\ugurc\AppData\Roaming\firebase\ugurcan_uut82_gmail.com_application_default_credentials.json
[debug] [2021-05-25T10:33:03.238Z] Setting GAC to C:\Users\ugurc\AppData\Roaming\firebase\ugurcan_uut82_gmail.com_application_default_credentials.json {"metadata":{"emulator":{"name":"functions"},"message":"Setting GAC to C:\\Users\\ugurc\\AppData\\Roaming\\firebase\\ugurcan_uut82_gmail.com_application_default_credentials.json"}}
[debug] [2021-05-25T10:33:03.243Z] > refreshing access token with scopes: []
[debug] [2021-05-25T10:33:03.245Z] >>> HTTP REQUEST POST https://www.googleapis.com/oauth2/v3/token  
 <request body omitted>
[debug] [2021-05-25T10:33:03.421Z] <<< HTTP RESPONSE 200 {"date":"Tue, 25 May 2021 10:33:04 GMT","expires":"Mon, 01 Jan 1990 00:00:00 GMT","pragma":"no-cache","cache-control":"no-cache, no-store, max-age=0, must-revalidate","content-type":"application/json; charset=utf-8","vary":"X-Origin, Referer, Origin,Accept-Encoding","server":"scaffolding on HTTPServer2","x-xss-protection":"0","x-frame-options":"SAMEORIGIN","x-content-type-options":"nosniff","alt-svc":"h3-29=\":443\"; ma=2592000,h3-T051=\":443\"; ma=2592000,h3-Q050=\":443\"; ma=2592000,h3-Q046=\":443\"; ma=2592000,h3-Q043=\":443\"; ma=2592000,quic=\":443\"; ma=2592000; v=\"46,43\"","accept-ranges":"none","transfer-encoding":"chunked"}
[debug] [2021-05-25T10:33:03.563Z] >>> [apiv2][query] GET https://firebase.googleapis.com/v1beta1/projects/e-commerce-c8ec0/adminSdkConfig [none]
[debug] [2021-05-25T10:33:04.026Z] <<< [apiv2][status] GET https://firebase.googleapis.com/v1beta1/projects/e-commerce-c8ec0/adminSdkConfig 200
[debug] [2021-05-25T10:33:04.026Z] <<< [apiv2][body] GET https://firebase.googleapis.com/v1beta1/projects/e-commerce-c8ec0/adminSdkConfig {"projectId":"e-commerce-c8ec0","storageBucket":"e-commerce-c8ec0.appspot.com","locationId":"europe-west"}
[warn] !  ui: Emulator UI unable to start on port 4000, starting on 4001 instead. {"metadata":{"emulator":{"name":"ui"},"message":"Emulator UI unable to start on port 4000, starting on 4001 instead."}}
[debug] [2021-05-25T10:33:04.370Z] Ignoring unsupported arg: auto_download {"metadata":{"emulator":{"name":"ui"},"message":"Ignoring unsupported arg: auto_download"}}
[debug] [2021-05-25T10:33:04.371Z] Ignoring unsupported arg: port {"metadata":{"emulator":{"name":"ui"},"message":"Ignoring unsupported arg: port"}}
[debug] [2021-05-25T10:33:04.371Z] Starting Emulator UI with command {"binary":"node","args":["C:\\Users\\ugurc\\.cache\\firebase\\emulators\\ui-v1.5.0\\server.bundle.js"],"optionalArgs":[],"joinArgs":false} {"metadata":{"emulator":{"name":"ui"},"message":"Starting Emulator UI with command {\"binary\":\"node\",\"args\":[\"C:\\\\Users\\\\ugurc\\\\.cache\\\\firebase\\\\emulators\\\\ui-v1.5.0\\\\server.bundle.js\"],\"optionalArgs\":[],\"joinArgs\":false}"}}
[info] i  ui: Emulator UI logging to ui-debug.log {"metadata":{"emulator":{"name":"ui"},"message":"Emulator UI logging to \u001b[1mui-debug.log\u001b[22m"}}
[debug] [2021-05-25T10:33:04.785Z] Web / API server started at http://localhost:4001
 {"metadata":{"emulator":{"name":"ui"},"message":"Web / API server started at http://localhost:4001\n"}}
[info] i  functions: Watching "C:\Users\ugurc\Desktop\React-Amazon\amazon\functions" for Cloud Functions... {"metadata":{"emulator":{"name":"functions"},"message":"Watching \"C:\\Users\\ugurc\\Desktop\\React-Amazon\\amazon\\functions\" for Cloud Functions..."}}
[debug] [2021-05-25T10:33:05.241Z] [worker-pool] addWorker(~diagnostic~) {"metadata":{"emulator":{"name":"functions"},"message":"[worker-pool] addWorker(~diagnostic~)"}}
[debug] [2021-05-25T10:33:05.242Z] [worker-pool] Adding worker with key ~diagnostic~, total=1 {"metadata":{"emulator":{"name":"functions"},"message":"[worker-pool] Adding worker with key ~diagnostic~, total=1"}}
[debug] [2021-05-25T10:33:05.242Z] [worker-pool] submitWork(triggerId=) {"metadata":{"emulator":{"name":"functions"},"message":"[worker-pool] submitWork(triggerId=)"}}
[debug] [2021-05-25T10:33:05.243Z] [worker-~diagnostic~-8f6c3f0b-b413-4b47-b245-81104ad0c0b3]: Assigning socketPath: \\?\pipe\C:\Users\ugurc\Desktop\React-Amazon\amazon\functions\15896 {"metadata":{"emulator":{"name":"functions"},"message":"[worker-~diagnostic~-8f6c3f0b-b413-4b47-b245-81104ad0c0b3]: Assigning socketPath: \\\\?\\pipe\\C:\\Users\\ugurc\\Desktop\\React-Amazon\\amazon\\functions\\15896"}}
[debug] [2021-05-25T10:33:05.244Z] [worker-~diagnostic~-8f6c3f0b-b413-4b47-b245-81104ad0c0b3]: BUSY {"metadata":{"emulator":{"name":"functions"},"message":"[worker-~diagnostic~-8f6c3f0b-b413-4b47-b245-81104ad0c0b3]: BUSY"}}
[debug] [2021-05-25T10:33:05.879Z] [runtime-status] [15896] Functions runtime initialized. {"cwd":"C:\\Users\\ugurc\\Desktop\\React-Amazon\\amazon\\functions","node_version":"14.16.0"} {"metadata":{"emulator":{"name":"functions"},"message":"[runtime-status] [15896] Functions runtime initialized. {\"cwd\":\"C:\\\\Users\\\\ugurc\\\\Desktop\\\\React-Amazon\\\\amazon\\\\functions\",\"node_version\":\"14.16.0\"}"}}
[debug] [2021-05-25T10:33:05.880Z] [runtime-status] [15896] Disabled runtime features: undefined {"metadata":{"emulator":{"name":"functions"},"message":"[runtime-status] [15896] Disabled runtime features: undefined"}}
[debug] [2021-05-25T10:33:05.966Z] [runtime-status] [15896] Resolved module firebase-admin {"declared":true,"installed":true,"version":"9.8.0","resolution":"C:\\Users\\ugurc\\Desktop\\React-Amazon\\amazon\\functions\\node_modules\\firebase-admin\\lib\\index.js"} {"metadata":{"emulator":{"name":"functions"},"message":"[runtime-status] [15896] Resolved module firebase-admin {\"declared\":true,\"installed\":true,\"version\":\"9.8.0\",\"resolution\":\"C:\\\\Users\\\\ugurc\\\\Desktop\\\\React-Amazon\\\\amazon\\\\functions\\\\node_modules\\\\firebase-admin\\\\lib\\\\index.js\"}"}}
[debug] [2021-05-25T10:33:06.024Z] [runtime-status] [15896] Resolved module firebase-functions {"declared":true,"installed":true,"version":"3.14.1","resolution":"C:\\Users\\ugurc\\Desktop\\React-Amazon\\amazon\\functions\\node_modules\\firebase-functions\\lib\\index.js"} {"metadata":{"emulator":{"name":"functions"},"message":"[runtime-status] [15896] Resolved module firebase-functions {\"declared\":true,\"installed\":true,\"version\":\"3.14.1\",\"resolution\":\"C:\\\\Users\\\\ugurc\\\\Desktop\\\\React-Amazon\\\\amazon\\\\functions\\\\node_modules\\\\firebase-functions\\\\lib\\\\index.js\"}"}}
[debug] [2021-05-25T10:33:06.027Z] [runtime-status] [15896] Resolved module firebase-functions {"declared":true,"installed":true,"version":"3.14.1","resolution":"C:\\Users\\ugurc\\Desktop\\React-Amazon\\amazon\\functions\\node_modules\\firebase-functions\\lib\\index.js"} {"metadata":{"emulator":{"name":"functions"},"message":"[runtime-status] [15896] Resolved module firebase-functions {\"declared\":true,\"installed\":true,\"version\":\"3.14.1\",\"resolution\":\"C:\\\\Users\\\\ugurc\\\\Desktop\\\\React-Amazon\\\\amazon\\\\functions\\\\node_modules\\\\firebase-functions\\\\lib\\\\index.js\"}"}}
[debug] [2021-05-25T10:33:06.031Z] [runtime-status] [15896] Outgoing network have been stubbed. [{"name":"http","status":"mocked"},{"name":"http","status":"mocked"},{"name":"https","status":"mocked"},{"name":"https","status":"mocked"},{"name":"net","status":"mocked"}] {"metadata":{"emulator":{"name":"functions"},"message":"[runtime-status] [15896] Outgoing network have been stubbed. [{\"name\":\"http\",\"status\":\"mocked\"},{\"name\":\"http\",\"status\":\"mocked\"},{\"name\":\"https\",\"status\":\"mocked\"},{\"name\":\"https\",\"status\":\"mocked\"},{\"name\":\"net\",\"status\":\"mocked\"}]"}}
[debug] [2021-05-25T10:33:06.032Z] [runtime-status] [15896] Resolved module firebase-functions {"declared":true,"installed":true,"version":"3.14.1","resolution":"C:\\Users\\ugurc\\Desktop\\React-Amazon\\amazon\\functions\\node_modules\\firebase-functions\\lib\\index.js"} {"metadata":{"emulator":{"name":"functions"},"message":"[runtime-status] [15896] Resolved module firebase-functions {\"declared\":true,\"installed\":true,\"version\":\"3.14.1\",\"resolution\":\"C:\\\\Users\\\\ugurc\\\\Desktop\\\\React-Amazon\\\\amazon\\\\functions\\\\node_modules\\\\firebase-functions\\\\lib\\\\index.js\"}"}}
[debug] [2021-05-25T10:33:07.145Z] [runtime-status] [15896] Checked functions.config() {"config":{}} {"metadata":{"emulator":{"name":"functions"},"message":"[runtime-status] [15896] Checked functions.config() {\"config\":{}}"}}
[debug] [2021-05-25T10:33:07.145Z] [runtime-status] [15896] firebase-functions has been stubbed. {"functionsResolution":{"declared":true,"installed":true,"version":"3.14.1","resolution":"C:\\Users\\ugurc\\Desktop\\React-Amazon\\amazon\\functions\\node_modules\\firebase-functions\\lib\\index.js"}} {"metadata":{"emulator":{"name":"functions"},"message":"[runtime-status] [15896] firebase-functions has been stubbed. {\"functionsResolution\":{\"declared\":true,\"installed\":true,\"version\":\"3.14.1\",\"resolution\":\"C:\\\\Users\\\\ugurc\\\\Desktop\\\\React-Amazon\\\\amazon\\\\functions\\\\node_modules\\\\firebase-functions\\\\lib\\\\index.js\"}}"}}
[debug] [2021-05-25T10:33:07.146Z] [runtime-status] [15896] Resolved module firebase-functions {"declared":true,"installed":true,"version":"3.14.1","resolution":"C:\\Users\\ugurc\\Desktop\\React-Amazon\\amazon\\functions\\node_modules\\firebase-functions\\lib\\index.js"} {"metadata":{"emulator":{"name":"functions"},"message":"[runtime-status] [15896] Resolved module firebase-functions {\"declared\":true,\"installed\":true,\"version\":\"3.14.1\",\"resolution\":\"C:\\\\Users\\\\ugurc\\\\Desktop\\\\React-Amazon\\\\amazon\\\\functions\\\\node_modules\\\\firebase-functions\\\\lib\\\\index.js\"}"}}
[debug] [2021-05-25T10:33:07.149Z] [runtime-status] [15896] Resolved module firebase-admin {"declared":true,"installed":true,"version":"9.8.0","resolution":"C:\\Users\\ugurc\\Desktop\\React-Amazon\\amazon\\functions\\node_modules\\firebase-admin\\lib\\index.js"} {"metadata":{"emulator":{"name":"functions"},"message":"[runtime-status] [15896] Resolved module firebase-admin {\"declared\":true,\"installed\":true,\"version\":\"9.8.0\",\"resolution\":\"C:\\\\Users\\\\ugurc\\\\Desktop\\\\React-Amazon\\\\amazon\\\\functions\\\\node_modules\\\\firebase-admin\\\\lib\\\\index.js\"}"}}
[debug] [2021-05-25T10:33:07.150Z] [runtime-status] [15896] Resolved module firebase-functions {"declared":true,"installed":true,"version":"3.14.1","resolution":"C:\\Users\\ugurc\\Desktop\\React-Amazon\\amazon\\functions\\node_modules\\firebase-functions\\lib\\index.js"} {"metadata":{"emulator":{"name":"functions"},"message":"[runtime-status] [15896] Resolved module firebase-functions {\"declared\":true,\"installed\":true,\"version\":\"3.14.1\",\"resolution\":\"C:\\\\Users\\\\ugurc\\\\Desktop\\\\React-Amazon\\\\amazon\\\\functions\\\\node_modules\\\\firebase-functions\\\\lib\\\\index.js\"}"}}
[debug] [2021-05-25T10:33:07.150Z] [runtime-status] [15896] firebase-admin has been stubbed. {"adminResolution":{"declared":true,"installed":true,"version":"9.8.0","resolution":"C:\\Users\\ugurc\\Desktop\\React-Amazon\\amazon\\functions\\node_modules\\firebase-admin\\lib\\index.js"}} {"metadata":{"emulator":{"name":"functions"},"message":"[runtime-status] [15896] firebase-admin has been stubbed. {\"adminResolution\":{\"declared\":true,\"installed\":true,\"version\":\"9.8.0\",\"resolution\":\"C:\\\\Users\\\\ugurc\\\\Desktop\\\\React-Amazon\\\\amazon\\\\functions\\\\node_modules\\\\firebase-admin\\\\lib\\\\index.js\"}}"}}
[info] +  functions[api]: http function initialized (http://localhost:5001/e-commerce-c8ec0/us-central1/api). {"metadata":{"emulator":{"name":"functions"},"message":"\u001b[1mhttp\u001b[22m function initialized (http://localhost:5001/e-commerce-c8ec0/us-central1/api)."}}
[info] 
┌─────────────────────────────────────────────────────────────┐
│ ✔  All emulators ready! It is now safe to connect your app. │
│ i  View Emulator UI at http://localhost:4001                │
└─────────────────────────────────────────────────────────────┘

┌───────────┬────────────────┬─────────────────────────────────┐
│ Emulator  │ Host:Port      │ View in Emulator UI             │
├───────────┼────────────────┼─────────────────────────────────┤
│ Functions │ localhost:5001 │ http://localhost:4001/functions │
└───────────┴────────────────┴─────────────────────────────────┘
  Emulator Hub running at localhost:4400
  Other reserved ports: 4500

Issues? Report them at https://github.com/firebase/firebase-tools/issues and attach the *-debug.log files.
 
[debug] [2021-05-25T10:33:12.609Z] [worker-~diagnostic~-8f6c3f0b-b413-4b47-b245-81104ad0c0b3]: IDLE {"metadata":{"emulator":{"name":"functions"},"message":"[worker-~diagnostic~-8f6c3f0b-b413-4b47-b245-81104ad0c0b3]: IDLE"}}
[debug] [2021-05-25T10:46:34.670Z] File C:\Users\ugurc\Desktop\React-Amazon\amazon\functions\index.js changed, reloading triggers {"metadata":{"emulator":{"name":"functions"},"message":"File C:\\Users\\ugurc\\Desktop\\React-Amazon\\amazon\\functions\\index.js changed, reloading triggers"}}
[debug] [2021-05-25T10:46:37.361Z] [worker-pool] Shutting down IDLE worker (~diagnostic~) {"metadata":{"emulator":{"name":"functions"},"message":"[worker-pool] Shutting down IDLE worker (~diagnostic~)"}}
[debug] [2021-05-25T10:46:37.387Z] [worker-~diagnostic~-8f6c3f0b-b413-4b47-b245-81104ad0c0b3]: FINISHING {"metadata":{"emulator":{"name":"functions"},"message":"[worker-~diagnostic~-8f6c3f0b-b413-4b47-b245-81104ad0c0b3]: FINISHING"}}
[debug] [2021-05-25T10:46:38.939Z] [worker-pool] addWorker(~diagnostic~) {"metadata":{"emulator":{"name":"functions"},"message":"[worker-pool] addWorker(~diagnostic~)"}}
[debug] [2021-05-25T10:46:38.939Z] [worker-pool] Adding worker with key ~diagnostic~, total=2 {"metadata":{"emulator":{"name":"functions"},"message":"[worker-pool] Adding worker with key ~diagnostic~, total=2"}}
[debug] [2021-05-25T10:46:38.940Z] [worker-pool] submitWork(triggerId=) {"metadata":{"emulator":{"name":"functions"},"message":"[worker-pool] submitWork(triggerId=)"}}
[debug] [2021-05-25T10:46:38.959Z] [worker-~diagnostic~-f7f537ef-8422-4c04-9649-93ab62a1225f]: Assigning socketPath: \\?\pipe\C:\Users\ugurc\Desktop\React-Amazon\amazon\functions\14008 {"metadata":{"emulator":{"name":"functions"},"message":"[worker-~diagnostic~-f7f537ef-8422-4c04-9649-93ab62a1225f]: Assigning socketPath: \\\\?\\pipe\\C:\\Users\\ugurc\\Desktop\\React-Amazon\\amazon\\functions\\14008"}}
[debug] [2021-05-25T10:46:38.972Z] [worker-~diagnostic~-f7f537ef-8422-4c04-9649-93ab62a1225f]: BUSY {"metadata":{"emulator":{"name":"functions"},"message":"[worker-~diagnostic~-f7f537ef-8422-4c04-9649-93ab62a1225f]: BUSY"}}
[debug] [2021-05-25T10:46:39.169Z] [worker-~diagnostic~-8f6c3f0b-b413-4b47-b245-81104ad0c0b3]: exited {"metadata":{"emulator":{"name":"functions"},"message":"[worker-~diagnostic~-8f6c3f0b-b413-4b47-b245-81104ad0c0b3]: exited"}}
[debug] [2021-05-25T10:46:39.169Z] [worker-~diagnostic~-8f6c3f0b-b413-4b47-b245-81104ad0c0b3]: FINISHED {"metadata":{"emulator":{"name":"functions"},"message":"[worker-~diagnostic~-8f6c3f0b-b413-4b47-b245-81104ad0c0b3]: FINISHED"}}
[debug] [2021-05-25T10:46:47.404Z] [runtime-status] [14008] Functions runtime initialized. {"cwd":"C:\\Users\\ugurc\\Desktop\\React-Amazon\\amazon\\functions","node_version":"14.16.0"} {"metadata":{"emulator":{"name":"functions"},"message":"[runtime-status] [14008] Functions runtime initialized. {\"cwd\":\"C:\\\\Users\\\\ugurc\\\\Desktop\\\\React-Amazon\\\\amazon\\\\functions\",\"node_version\":\"14.16.0\"}"}}
[debug] [2021-05-25T10:46:47.689Z] [runtime-status] [14008] Disabled runtime features: undefined {"metadata":{"emulator":{"name":"functions"},"message":"[runtime-status] [14008] Disabled runtime features: undefined"}}
[debug] [2021-05-25T10:46:48.835Z] [runtime-status] [14008] Resolved module firebase-admin {"declared":true,"installed":true,"version":"9.8.0","resolution":"C:\\Users\\ugurc\\Desktop\\React-Amazon\\amazon\\functions\\node_modules\\firebase-admin\\lib\\index.js"} {"metadata":{"emulator":{"name":"functions"},"message":"[runtime-status] [14008] Resolved module firebase-admin {\"declared\":true,\"installed\":true,\"version\":\"9.8.0\",\"resolution\":\"C:\\\\Users\\\\ugurc\\\\Desktop\\\\React-Amazon\\\\amazon\\\\functions\\\\node_modules\\\\firebase-admin\\\\lib\\\\index.js\"}"}}
[debug] [2021-05-25T10:46:48.835Z] [runtime-status] [14008] Resolved module firebase-functions {"declared":true,"installed":true,"version":"3.14.1","resolution":"C:\\Users\\ugurc\\Desktop\\React-Amazon\\amazon\\functions\\node_modules\\firebase-functions\\lib\\index.js"} {"metadata":{"emulator":{"name":"functions"},"message":"[runtime-status] [14008] Resolved module firebase-functions {\"declared\":true,\"installed\":true,\"version\":\"3.14.1\",\"resolution\":\"C:\\\\Users\\\\ugurc\\\\Desktop\\\\React-Amazon\\\\amazon\\\\functions\\\\node_modules\\\\firebase-functions\\\\lib\\\\index.js\"}"}}
[debug] [2021-05-25T10:46:48.836Z] [runtime-status] [14008] Resolved module firebase-functions {"declared":true,"installed":true,"version":"3.14.1","resolution":"C:\\Users\\ugurc\\Desktop\\React-Amazon\\amazon\\functions\\node_modules\\firebase-functions\\lib\\index.js"} {"metadata":{"emulator":{"name":"functions"},"message":"[runtime-status] [14008] Resolved module firebase-functions {\"declared\":true,\"installed\":true,\"version\":\"3.14.1\",\"resolution\":\"C:\\\\Users\\\\ugurc\\\\Desktop\\\\React-Amazon\\\\amazon\\\\functions\\\\node_modules\\\\firebase-functions\\\\lib\\\\index.js\"}"}}
[debug] [2021-05-25T10:46:48.836Z] [runtime-status] [14008] Outgoing network have been stubbed. [{"name":"http","status":"mocked"},{"name":"http","status":"mocked"},{"name":"https","status":"mocked"},{"name":"https","status":"mocked"},{"name":"net","status":"mocked"}] {"metadata":{"emulator":{"name":"functions"},"message":"[runtime-status] [14008] Outgoing network have been stubbed. [{\"name\":\"http\",\"status\":\"mocked\"},{\"name\":\"http\",\"status\":\"mocked\"},{\"name\":\"https\",\"status\":\"mocked\"},{\"name\":\"https\",\"status\":\"mocked\"},{\"name\":\"net\",\"status\":\"mocked\"}]"}}
[debug] [2021-05-25T10:46:56.926Z] [runtime-status] [14008] Resolved module firebase-functions {"declared":true,"installed":true,"version":"3.14.1","resolution":"C:\\Users\\ugurc\\Desktop\\React-Amazon\\amazon\\functions\\node_modules\\firebase-functions\\lib\\index.js"} {"metadata":{"emulator":{"name":"functions"},"message":"[runtime-status] [14008] Resolved module firebase-functions {\"declared\":true,\"installed\":true,\"version\":\"3.14.1\",\"resolution\":\"C:\\\\Users\\\\ugurc\\\\Desktop\\\\React-Amazon\\\\amazon\\\\functions\\\\node_modules\\\\firebase-functions\\\\lib\\\\index.js\"}"}}
[debug] [2021-05-25T10:46:57.556Z] [runtime-status] [14008] Checked functions.config() {"config":{}} {"metadata":{"emulator":{"name":"functions"},"message":"[runtime-status] [14008] Checked functions.config() {\"config\":{}}"}}
[debug] [2021-05-25T10:46:57.557Z] [runtime-status] [14008] firebase-functions has been stubbed. {"functionsResolution":{"declared":true,"installed":true,"version":"3.14.1","resolution":"C:\\Users\\ugurc\\Desktop\\React-Amazon\\amazon\\functions\\node_modules\\firebase-functions\\lib\\index.js"}} {"metadata":{"emulator":{"name":"functions"},"message":"[runtime-status] [14008] firebase-functions has been stubbed. {\"functionsResolution\":{\"declared\":true,\"installed\":true,\"version\":\"3.14.1\",\"resolution\":\"C:\\\\Users\\\\ugurc\\\\Desktop\\\\React-Amazon\\\\amazon\\\\functions\\\\node_modules\\\\firebase-functions\\\\lib\\\\index.js\"}}"}}
[debug] [2021-05-25T10:46:57.557Z] [runtime-status] [14008] Resolved module firebase-functions {"declared":true,"installed":true,"version":"3.14.1","resolution":"C:\\Users\\ugurc\\Desktop\\React-Amazon\\amazon\\functions\\node_modules\\firebase-functions\\lib\\index.js"} {"metadata":{"emulator":{"name":"functions"},"message":"[runtime-status] [14008] Resolved module firebase-functions {\"declared\":true,\"installed\":true,\"version\":\"3.14.1\",\"resolution\":\"C:\\\\Users\\\\ugurc\\\\Desktop\\\\React-Amazon\\\\amazon\\\\functions\\\\node_modules\\\\firebase-functions\\\\lib\\\\index.js\"}"}}
[debug] [2021-05-25T10:46:57.560Z] [runtime-status] [14008] Resolved module firebase-admin {"declared":true,"installed":true,"version":"9.8.0","resolution":"C:\\Users\\ugurc\\Desktop\\React-Amazon\\amazon\\functions\\node_modules\\firebase-admin\\lib\\index.js"} {"metadata":{"emulator":{"name":"functions"},"message":"[runtime-status] [14008] Resolved module firebase-admin {\"declared\":true,\"installed\":true,\"version\":\"9.8.0\",\"resolution\":\"C:\\\\Users\\\\ugurc\\\\Desktop\\\\React-Amazon\\\\amazon\\\\functions\\\\node_modules\\\\firebase-admin\\\\lib\\\\index.js\"}"}}
[debug] [2021-05-25T10:46:57.561Z] [runtime-status] [14008] Resolved module firebase-functions {"declared":true,"installed":true,"version":"3.14.1","resolution":"C:\\Users\\ugurc\\Desktop\\React-Amazon\\amazon\\functions\\node_modules\\firebase-functions\\lib\\index.js"} {"metadata":{"emulator":{"name":"functions"},"message":"[runtime-status] [14008] Resolved module firebase-functions {\"declared\":true,\"installed\":true,\"version\":\"3.14.1\",\"resolution\":\"C:\\\\Users\\\\ugurc\\\\Desktop\\\\React-Amazon\\\\amazon\\\\functions\\\\node_modules\\\\firebase-functions\\\\lib\\\\index.js\"}"}}
[debug] [2021-05-25T10:46:57.578Z] [runtime-status] [14008] firebase-admin has been stubbed. {"adminResolution":{"declared":true,"installed":true,"version":"9.8.0","resolution":"C:\\Users\\ugurc\\Desktop\\React-Amazon\\amazon\\functions\\node_modules\\firebase-admin\\lib\\index.js"}} {"metadata":{"emulator":{"name":"functions"},"message":"[runtime-status] [14008] firebase-admin has been stubbed. {\"adminResolution\":{\"declared\":true,\"installed\":true,\"version\":\"9.8.0\",\"resolution\":\"C:\\\\Users\\\\ugurc\\\\Desktop\\\\React-Amazon\\\\amazon\\\\functions\\\\node_modules\\\\firebase-admin\\\\lib\\\\index.js\"}}"}}
[debug] [2021-05-25T10:47:06.348Z] [worker-~diagnostic~-f7f537ef-8422-4c04-9649-93ab62a1225f]: IDLE {"metadata":{"emulator":{"name":"functions"},"message":"[worker-~diagnostic~-f7f537ef-8422-4c04-9649-93ab62a1225f]: IDLE"}}
[debug] [2021-05-25T12:19:15.228Z] [work-queue] {"queueLength":1,"workRunningCount":0}
[debug] [2021-05-25T12:19:15.444Z] [work-queue] {"queueLength":0,"workRunningCount":1}
[debug] [2021-05-25T12:19:15.528Z] Accepted request GET /e-commerce-c8ec0/us-central1/api --> api
[debug] [2021-05-25T12:19:15.613Z] [worker-pool] Cleaned up workers for ~diagnostic~: 2 --> 1 {"metadata":{"emulator":{"name":"functions"},"message":"[worker-pool] Cleaned up workers for ~diagnostic~: 2 --> 1"}}
[debug] [2021-05-25T12:19:16.442Z] [worker-pool] addWorker(api) {"metadata":{"emulator":{"name":"functions"},"message":"[worker-pool] addWorker(api)"}}
[debug] [2021-05-25T12:19:16.444Z] [worker-pool] Adding worker with key api, total=1 {"metadata":{"emulator":{"name":"functions"},"message":"[worker-pool] Adding worker with key api, total=1"}}
[debug] [2021-05-25T12:19:16.444Z] [worker-pool] submitWork(triggerId=api) {"metadata":{"emulator":{"name":"functions"},"message":"[worker-pool] submitWork(triggerId=api)"}}
[debug] [2021-05-25T12:19:16.446Z] [worker-api-0a97565b-e39f-43b1-9358-ced234837ebd]: Assigning socketPath: \\?\pipe\C:\Users\ugurc\Desktop\React-Amazon\amazon\functions\6944 {"metadata":{"emulator":{"name":"functions"},"message":"[worker-api-0a97565b-e39f-43b1-9358-ced234837ebd]: Assigning socketPath: \\\\?\\pipe\\C:\\Users\\ugurc\\Desktop\\React-Amazon\\amazon\\functions\\6944"}}
[debug] [2021-05-25T12:19:16.500Z] [worker-api-0a97565b-e39f-43b1-9358-ced234837ebd]: BUSY {"metadata":{"emulator":{"name":"functions"},"message":"[worker-api-0a97565b-e39f-43b1-9358-ced234837ebd]: BUSY"}}
[debug] [2021-05-25T12:19:29.830Z] [runtime-status] [6944] Functions runtime initialized. {"cwd":"C:\\Users\\ugurc\\Desktop\\React-Amazon\\amazon\\functions","node_version":"14.16.0"} {"metadata":{"emulator":{"name":"functions"},"function":{"name":"api"},"message":"[runtime-status] [6944] Functions runtime initialized. {\"cwd\":\"C:\\\\Users\\\\ugurc\\\\Desktop\\\\React-Amazon\\\\amazon\\\\functions\",\"node_version\":\"14.16.0\"}"}}
[debug] [2021-05-25T12:19:29.861Z] [runtime-status] [6944] Disabled runtime features: undefined {"metadata":{"emulator":{"name":"functions"},"function":{"name":"api"},"message":"[runtime-status] [6944] Disabled runtime features: undefined"}}
[debug] [2021-05-25T12:19:30.130Z] [runtime-status] [6944] Resolved module firebase-admin {"declared":true,"installed":true,"version":"9.8.0","resolution":"C:\\Users\\ugurc\\Desktop\\React-Amazon\\amazon\\functions\\node_modules\\firebase-admin\\lib\\index.js"} {"metadata":{"emulator":{"name":"functions"},"function":{"name":"api"},"message":"[runtime-status] [6944] Resolved module firebase-admin {\"declared\":true,\"installed\":true,\"version\":\"9.8.0\",\"resolution\":\"C:\\\\Users\\\\ugurc\\\\Desktop\\\\React-Amazon\\\\amazon\\\\functions\\\\node_modules\\\\firebase-admin\\\\lib\\\\index.js\"}"}}
[debug] [2021-05-25T12:19:30.257Z] [runtime-status] [6944] Resolved module firebase-functions {"declared":true,"installed":true,"version":"3.14.1","resolution":"C:\\Users\\ugurc\\Desktop\\React-Amazon\\amazon\\functions\\node_modules\\firebase-functions\\lib\\index.js"} {"metadata":{"emulator":{"name":"functions"},"function":{"name":"api"},"message":"[runtime-status] [6944] Resolved module firebase-functions {\"declared\":true,\"installed\":true,\"version\":\"3.14.1\",\"resolution\":\"C:\\\\Users\\\\ugurc\\\\Desktop\\\\React-Amazon\\\\amazon\\\\functions\\\\node_modules\\\\firebase-functions\\\\lib\\\\index.js\"}"}}
[debug] [2021-05-25T12:19:30.321Z] [runtime-status] [6944] Resolved module firebase-functions {"declared":true,"installed":true,"version":"3.14.1","resolution":"C:\\Users\\ugurc\\Desktop\\React-Amazon\\amazon\\functions\\node_modules\\firebase-functions\\lib\\index.js"} {"metadata":{"emulator":{"name":"functions"},"function":{"name":"api"},"message":"[runtime-status] [6944] Resolved module firebase-functions {\"declared\":true,\"installed\":true,\"version\":\"3.14.1\",\"resolution\":\"C:\\\\Users\\\\ugurc\\\\Desktop\\\\React-Amazon\\\\amazon\\\\functions\\\\node_modules\\\\firebase-functions\\\\lib\\\\index.js\"}"}}
[debug] [2021-05-25T12:19:30.370Z] [runtime-status] [6944] Outgoing network have been stubbed. [{"name":"http","status":"mocked"},{"name":"http","status":"mocked"},{"name":"https","status":"mocked"},{"name":"https","status":"mocked"},{"name":"net","status":"mocked"}] {"metadata":{"emulator":{"name":"functions"},"function":{"name":"api"},"message":"[runtime-status] [6944] Outgoing network have been stubbed. [{\"name\":\"http\",\"status\":\"mocked\"},{\"name\":\"http\",\"status\":\"mocked\"},{\"name\":\"https\",\"status\":\"mocked\"},{\"name\":\"https\",\"status\":\"mocked\"},{\"name\":\"net\",\"status\":\"mocked\"}]"}}
[debug] [2021-05-25T12:19:30.371Z] [runtime-status] [6944] Resolved module firebase-functions {"declared":true,"installed":true,"version":"3.14.1","resolution":"C:\\Users\\ugurc\\Desktop\\React-Amazon\\amazon\\functions\\node_modules\\firebase-functions\\lib\\index.js"} {"metadata":{"emulator":{"name":"functions"},"function":{"name":"api"},"message":"[runtime-status] [6944] Resolved module firebase-functions {\"declared\":true,\"installed\":true,\"version\":\"3.14.1\",\"resolution\":\"C:\\\\Users\\\\ugurc\\\\Desktop\\\\React-Amazon\\\\amazon\\\\functions\\\\node_modules\\\\firebase-functions\\\\lib\\\\index.js\"}"}}
[debug] [2021-05-25T12:19:34.913Z] [runtime-status] [6944] Checked functions.config() {"config":{}} {"metadata":{"emulator":{"name":"functions"},"function":{"name":"api"},"message":"[runtime-status] [6944] Checked functions.config() {\"config\":{}}"}}
[debug] [2021-05-25T12:19:34.914Z] [runtime-status] [6944] firebase-functions has been stubbed. {"functionsResolution":{"declared":true,"installed":true,"version":"3.14.1","resolution":"C:\\Users\\ugurc\\Desktop\\React-Amazon\\amazon\\functions\\node_modules\\firebase-functions\\lib\\index.js"}} {"metadata":{"emulator":{"name":"functions"},"function":{"name":"api"},"message":"[runtime-status] [6944] firebase-functions has been stubbed. {\"functionsResolution\":{\"declared\":true,\"installed\":true,\"version\":\"3.14.1\",\"resolution\":\"C:\\\\Users\\\\ugurc\\\\Desktop\\\\React-Amazon\\\\amazon\\\\functions\\\\node_modules\\\\firebase-functions\\\\lib\\\\index.js\"}}"}}
[debug] [2021-05-25T12:19:34.914Z] [runtime-status] [6944] Resolved module firebase-functions {"declared":true,"installed":true,"version":"3.14.1","resolution":"C:\\Users\\ugurc\\Desktop\\React-Amazon\\amazon\\functions\\node_modules\\firebase-functions\\lib\\index.js"} {"metadata":{"emulator":{"name":"functions"},"function":{"name":"api"},"message":"[runtime-status] [6944] Resolved module firebase-functions {\"declared\":true,\"installed\":true,\"version\":\"3.14.1\",\"resolution\":\"C:\\\\Users\\\\ugurc\\\\Desktop\\\\React-Amazon\\\\amazon\\\\functions\\\\node_modules\\\\firebase-functions\\\\lib\\\\index.js\"}"}}
[debug] [2021-05-25T12:19:34.915Z] [runtime-status] [6944] Resolved module firebase-admin {"declared":true,"installed":true,"version":"9.8.0","resolution":"C:\\Users\\ugurc\\Desktop\\React-Amazon\\amazon\\functions\\node_modules\\firebase-admin\\lib\\index.js"} {"metadata":{"emulator":{"name":"functions"},"function":{"name":"api"},"message":"[runtime-status] [6944] Resolved module firebase-admin {\"declared\":true,\"installed\":true,\"version\":\"9.8.0\",\"resolution\":\"C:\\\\Users\\\\ugurc\\\\Desktop\\\\React-Amazon\\\\amazon\\\\functions\\\\node_modules\\\\firebase-admin\\\\lib\\\\index.js\"}"}}
[debug] [2021-05-25T12:19:34.916Z] [runtime-status] [6944] Resolved module firebase-functions {"declared":true,"installed":true,"version":"3.14.1","resolution":"C:\\Users\\ugurc\\Desktop\\React-Amazon\\amazon\\functions\\node_modules\\firebase-functions\\lib\\index.js"} {"metadata":{"emulator":{"name":"functions"},"function":{"name":"api"},"message":"[runtime-status] [6944] Resolved module firebase-functions {\"declared\":true,\"installed\":true,\"version\":\"3.14.1\",\"resolution\":\"C:\\\\Users\\\\ugurc\\\\Desktop\\\\React-Amazon\\\\amazon\\\\functions\\\\node_modules\\\\firebase-functions\\\\lib\\\\index.js\"}"}}
[debug] [2021-05-25T12:19:34.916Z] [runtime-status] [6944] firebase-admin has been stubbed. {"adminResolution":{"declared":true,"installed":true,"version":"9.8.0","resolution":"C:\\Users\\ugurc\\Desktop\\React-Amazon\\amazon\\functions\\node_modules\\firebase-admin\\lib\\index.js"}} {"metadata":{"emulator":{"name":"functions"},"function":{"name":"api"},"message":"[runtime-status] [6944] firebase-admin has been stubbed. {\"adminResolution\":{\"declared\":true,\"installed\":true,\"version\":\"9.8.0\",\"resolution\":\"C:\\\\Users\\\\ugurc\\\\Desktop\\\\React-Amazon\\\\amazon\\\\functions\\\\node_modules\\\\firebase-admin\\\\lib\\\\index.js\"}}"}}
[debug] [2021-05-25T12:19:52.784Z] [runtime-status] [6944] Trigger "api" has been found, beginning invocation! {"metadata":{"emulator":{"name":"functions"},"function":{"name":"api"},"message":"[runtime-status] [6944] Trigger \"api\" has been found, beginning invocation!"}}
[info] i  functions: Beginning execution of "api" {"metadata":{"emulator":{"name":"functions"},"function":{"name":"api"},"message":"Beginning execution of \"api\""}}
[debug] [2021-05-25T12:19:52.890Z] [runtime-status] [6944] triggerDefinition {"httpsTrigger":{},"name":"api","entryPoint":"api"} {"metadata":{"emulator":{"name":"functions"},"function":{"name":"api"},"message":"[runtime-status] [6944] triggerDefinition {\"httpsTrigger\":{},\"name\":\"api\",\"entryPoint\":\"api\"}"}}
[debug] [2021-05-25T12:19:52.891Z] [runtime-status] [6944] Running api in mode HTTPS {"metadata":{"emulator":{"name":"functions"},"function":{"name":"api"},"message":"[runtime-status] [6944] Running api in mode HTTPS"}}
[debug] [2021-05-25T12:19:52.950Z] [runtime-status] [6944] Attempting to listen to socketPath: \\?\pipe\C:\Users\ugurc\Desktop\React-Amazon\amazon\functions\6944 {"metadata":{"emulator":{"name":"functions"},"function":{"name":"api"},"message":"[runtime-status] [6944] Attempting to listen to socketPath: \\\\?\\pipe\\C:\\Users\\ugurc\\Desktop\\React-Amazon\\amazon\\functions\\6944"}}
[debug] [2021-05-25T12:19:53.437Z] [functions] Runtime ready! Sending request! {"metadata":{"emulator":{"name":"functions"},"message":"[functions] Runtime ready! Sending request!"}}
[debug] [2021-05-25T12:19:53.533Z] [functions] Got req.url=/e-commerce-c8ec0/us-central1/api, mapping to path=/ {"metadata":{"emulator":{"name":"functions"},"message":"[functions] Got req.url=/e-commerce-c8ec0/us-central1/api, mapping to path=/"}}
[debug] [2021-05-25T12:19:54.648Z] [runtime-status] [6944] Ephemeral server handling GET request {"metadata":{"emulator":{"name":"functions"},"function":{"name":"api"},"message":"[runtime-status] [6944] Ephemeral server handling GET request"}}
[debug] [2021-05-25T12:19:54.653Z] [runtime-status] [6944] Ephemeral server survived. {"metadata":{"emulator":{"name":"functions"},"function":{"name":"api"},"message":"[runtime-status] [6944] Ephemeral server survived."}}
[info] i  functions: Finished "api" in ~1s {"metadata":{"emulator":{"name":"functions"},"function":{"name":"api"},"message":"Finished \"api\" in ~1s"}}
[debug] [2021-05-25T12:19:54.672Z] [worker-api-0a97565b-e39f-43b1-9358-ced234837ebd]: IDLE {"metadata":{"emulator":{"name":"functions"},"message":"[worker-api-0a97565b-e39f-43b1-9358-ced234837ebd]: IDLE"}}
[debug] [2021-05-25T12:19:54.673Z] [work-queue] {"queueLength":0,"workRunningCount":0}
[debug] [2021-05-25T12:19:55.223Z] Functions emulator received unknown request at path /favicon.ico
